2018-06-26 17:31:14,832 耗时：0 日志来自：web.context.ContextLoader                日志类型: INFO  日志内容：Root WebApplicationContext: initialization started 
2018-06-26 17:31:15,030 耗时：198 日志来自：context.support.XmlWebApplicationContext 日志类型: INFO  日志内容：Refreshing Root WebApplicationContext: startup date [Tue Jun 26 17:31:15 CST 2018]; root of context hierarchy 
2018-06-26 17:31:15,078 耗时：246 日志来自：factory.xml.XmlBeanDefinitionReader      日志类型: INFO  日志内容：Loading XML bean definitions from class path resource [application.xml] 
2018-06-26 17:31:15,413 耗时：581 日志来自：factory.xml.XmlBeanDefinitionReader      日志类型: INFO  日志内容：Loading XML bean definitions from class path resource [qiniu.xml] 
2018-06-26 17:31:15,726 耗时：894 日志来自：.config.PreferencesPlaceholderConfigurer 日志类型: INFO  日志内容：Loading properties file from class path resource [jdbc.properties] 
2018-06-26 17:31:15,740 耗时：908 日志来自：ion.AutowiredAnnotationBeanPostProcessor 日志类型: INFO  日志内容：JSR-330 'javax.inject.Inject' annotation found and supported for autowiring 
2018-06-26 17:31:15,859 耗时：1027 日志来自：jdbc.datasource.DriverManagerDataSource  日志类型: INFO  日志内容：Loaded JDBC driver: com.mysql.jdbc.Driver 
2018-06-26 17:34:53,427 耗时：0 日志来自：web.context.ContextLoader                日志类型: INFO  日志内容：Root WebApplicationContext: initialization started 
2018-06-26 17:34:53,629 耗时：202 日志来自：context.support.XmlWebApplicationContext 日志类型: INFO  日志内容：Refreshing Root WebApplicationContext: startup date [Tue Jun 26 17:34:53 CST 2018]; root of context hierarchy 
2018-06-26 17:34:53,690 耗时：263 日志来自：factory.xml.XmlBeanDefinitionReader      日志类型: INFO  日志内容：Loading XML bean definitions from class path resource [application.xml] 
2018-06-26 17:34:54,042 耗时：615 日志来自：factory.xml.XmlBeanDefinitionReader      日志类型: INFO  日志内容：Loading XML bean definitions from class path resource [qiniu.xml] 
2018-06-26 17:34:54,366 耗时：939 日志来自：.config.PreferencesPlaceholderConfigurer 日志类型: INFO  日志内容：Loading properties file from class path resource [jdbc.properties] 
2018-06-26 17:34:54,379 耗时：952 日志来自：ion.AutowiredAnnotationBeanPostProcessor 日志类型: INFO  日志内容：JSR-330 'javax.inject.Inject' annotation found and supported for autowiring 
2018-06-26 17:34:54,516 耗时：1089 日志来自：jdbc.datasource.DriverManagerDataSource  日志类型: INFO  日志内容：Loaded JDBC driver: com.mysql.jdbc.Driver 
2018-06-26 17:36:57,195 耗时：0 日志来自：web.context.ContextLoader                日志类型: INFO  日志内容：Root WebApplicationContext: initialization started 
2018-06-26 17:36:57,402 耗时：207 日志来自：context.support.XmlWebApplicationContext 日志类型: INFO  日志内容：Refreshing Root WebApplicationContext: startup date [Tue Jun 26 17:36:57 CST 2018]; root of context hierarchy 
2018-06-26 17:36:57,460 耗时：265 日志来自：factory.xml.XmlBeanDefinitionReader      日志类型: INFO  日志内容：Loading XML bean definitions from class path resource [application.xml] 
2018-06-26 17:36:57,865 耗时：670 日志来自：factory.xml.XmlBeanDefinitionReader      日志类型: INFO  日志内容：Loading XML bean definitions from class path resource [qiniu.xml] 
2018-06-26 17:36:58,172 耗时：977 日志来自：.config.PreferencesPlaceholderConfigurer 日志类型: INFO  日志内容：Loading properties file from class path resource [jdbc.properties] 
2018-06-26 17:36:58,185 耗时：990 日志来自：ion.AutowiredAnnotationBeanPostProcessor 日志类型: INFO  日志内容：JSR-330 'javax.inject.Inject' annotation found and supported for autowiring 
2018-06-26 17:36:58,310 耗时：1115 日志来自：jdbc.datasource.DriverManagerDataSource  日志类型: INFO  日志内容：Loaded JDBC driver: com.mysql.jdbc.Driver 
2018-06-26 17:36:58,926 耗时：1731 日志来自：.annotation.RequestMappingHandlerMapping 日志类型: INFO  日志内容：Mapped "{[/sendMail/{verifyCode}/{id}],methods=[GET]}" onto public boolean controller.MailController.verifyCode(java.lang.String,java.lang.Long) 
2018-06-26 17:36:58,928 耗时：1733 日志来自：.annotation.RequestMappingHandlerMapping 日志类型: INFO  日志内容：Mapped "{[/sendMail],methods=[GET]}" onto public java.lang.Boolean controller.MailController.sendMail(javax.servlet.http.HttpServletRequest,pojo.Student) 
2018-06-26 17:36:58,930 耗时：1735 日志来自：.annotation.RequestMappingHandlerMapping 日志类型: INFO  日志内容：Mapped "{[/updaImage],methods=[POST]}" onto public java.lang.String controller.QiniuController.updaImage(org.springframework.web.multipart.MultipartFile) throws java.lang.Exception 
2018-06-26 17:36:58,931 耗时：1736 日志来自：.annotation.RequestMappingHandlerMapping 日志类型: INFO  日志内容：Mapped "{[/updaImageEdit],methods=[GET]}" onto public java.lang.String controller.QiniuController.imageEdit() 
2018-06-26 17:36:58,932 耗时：1737 日志来自：.annotation.RequestMappingHandlerMapping 日志类型: INFO  日志内容：Mapped "{[/signin],methods=[POST]}" onto public java.lang.String controller.SmsController.register(javax.servlet.http.HttpServletRequest,javax.servlet.http.HttpServletResponse) 
2018-06-26 17:36:58,933 耗时：1738 日志来自：.annotation.RequestMappingHandlerMapping 日志类型: INFO  日志内容：Mapped "{[/message],methods=[GET]}" onto public void controller.SmsController.message(javax.servlet.http.HttpServletRequest,javax.servlet.http.HttpServletResponse,java.lang.String) 
2018-06-26 17:36:58,933 耗时：1738 日志来自：.annotation.RequestMappingHandlerMapping 日志类型: INFO  日志内容：Mapped "{[/signup],methods=[GET]}" onto public java.lang.String controller.SmsController.signup(javax.servlet.http.HttpServletRequest,javax.servlet.http.HttpServletResponse) 
2018-06-26 17:36:59,581 耗时：2386 日志来自：.annotation.RequestMappingHandlerAdapter 日志类型: INFO  日志内容：Looking for @ControllerAdvice: Root WebApplicationContext: startup date [Tue Jun 26 17:36:57 CST 2018]; root of context hierarchy 
2018-06-26 17:36:59,660 耗时：2465 日志来自：.annotation.RequestMappingHandlerAdapter 日志类型: INFO  日志内容：Looking for @ControllerAdvice: Root WebApplicationContext: startup date [Tue Jun 26 17:36:57 CST 2018]; root of context hierarchy 
2018-06-26 17:36:59,824 耗时：2629 日志来自：web.context.ContextLoader                日志类型: INFO  日志内容：Root WebApplicationContext: initialization completed in 2624 ms 
2018-06-26 17:37:00,045 耗时：2850 日志来自：web.servlet.DispatcherServlet            日志类型: INFO  日志内容：FrameworkServlet 'tile': initialization started 
2018-06-26 17:37:00,054 耗时：2859 日志来自：context.support.XmlWebApplicationContext 日志类型: INFO  日志内容：Refreshing WebApplicationContext for namespace 'tile-servlet': startup date [Tue Jun 26 17:37:00 CST 2018]; parent: Root WebApplicationContext 
2018-06-26 17:37:00,055 耗时：2860 日志来自：factory.xml.XmlBeanDefinitionReader      日志类型: INFO  日志内容：Loading XML bean definitions from class path resource [servlet.xml] 
2018-06-26 17:37:00,135 耗时：2940 日志来自：ion.AutowiredAnnotationBeanPostProcessor 日志类型: INFO  日志内容：JSR-330 'javax.inject.Inject' annotation found and supported for autowiring 
2018-06-26 17:37:00,215 耗时：3020 日志来自：web.servlet.DispatcherServlet            日志类型: INFO  日志内容：FrameworkServlet 'tile': initialization completed in 170 ms 
2018-06-26 18:37:24,248 耗时：0 日志来自：web.context.ContextLoader                日志类型: INFO  日志内容：Root WebApplicationContext: initialization started 
2018-06-26 18:37:24,444 耗时：196 日志来自：context.support.XmlWebApplicationContext 日志类型: INFO  日志内容：Refreshing Root WebApplicationContext: startup date [Tue Jun 26 18:37:24 CST 2018]; root of context hierarchy 
2018-06-26 18:37:24,502 耗时：254 日志来自：factory.xml.XmlBeanDefinitionReader      日志类型: INFO  日志内容：Loading XML bean definitions from class path resource [application.xml] 
2018-06-26 18:37:24,797 耗时：549 日志来自：factory.xml.XmlBeanDefinitionReader      日志类型: INFO  日志内容：Loading XML bean definitions from class path resource [qiniu.xml] 
2018-06-26 18:37:25,091 耗时：843 日志来自：.config.PreferencesPlaceholderConfigurer 日志类型: INFO  日志内容：Loading properties file from class path resource [jdbc.properties] 
2018-06-26 18:37:25,109 耗时：861 日志来自：ion.AutowiredAnnotationBeanPostProcessor 日志类型: INFO  日志内容：JSR-330 'javax.inject.Inject' annotation found and supported for autowiring 
2018-06-26 18:37:25,224 耗时：976 日志来自：jdbc.datasource.DriverManagerDataSource  日志类型: INFO  日志内容：Loaded JDBC driver: com.mysql.jdbc.Driver 
2018-06-26 18:37:25,921 耗时：1673 日志来自：.annotation.RequestMappingHandlerMapping 日志类型: INFO  日志内容：Mapped "{[/index]}" onto public java.lang.String controller.ControllerIndex.index(org.springframework.ui.Model) 
2018-06-26 18:37:25,924 耗时：1676 日志来自：.annotation.RequestMappingHandlerMapping 日志类型: INFO  日志内容：Mapped "{[/sendMail],methods=[GET]}" onto public java.lang.Boolean controller.MailController.sendMail(javax.servlet.http.HttpServletRequest,pojo.Student) 
2018-06-26 18:37:25,924 耗时：1676 日志来自：.annotation.RequestMappingHandlerMapping 日志类型: INFO  日志内容：Mapped "{[/sendMail/{verifyCode}/{id}],methods=[GET]}" onto public boolean controller.MailController.verifyCode(java.lang.String,java.lang.Long) 
2018-06-26 18:37:25,926 耗时：1678 日志来自：.annotation.RequestMappingHandlerMapping 日志类型: INFO  日志内容：Mapped "{[/updaImageEdit],methods=[GET]}" onto public java.lang.String controller.QiniuController.imageEdit() 
2018-06-26 18:37:25,927 耗时：1679 日志来自：.annotation.RequestMappingHandlerMapping 日志类型: INFO  日志内容：Mapped "{[/updaImage],methods=[POST]}" onto public java.lang.String controller.QiniuController.updaImage(org.springframework.web.multipart.MultipartFile) throws java.lang.Exception 
2018-06-26 18:37:25,929 耗时：1681 日志来自：.annotation.RequestMappingHandlerMapping 日志类型: INFO  日志内容：Mapped "{[/signin],methods=[POST]}" onto public java.lang.String controller.SmsController.register(javax.servlet.http.HttpServletRequest,javax.servlet.http.HttpServletResponse) 
2018-06-26 18:37:25,930 耗时：1682 日志来自：.annotation.RequestMappingHandlerMapping 日志类型: INFO  日志内容：Mapped "{[/message],methods=[GET]}" onto public void controller.SmsController.message(javax.servlet.http.HttpServletRequest,javax.servlet.http.HttpServletResponse,java.lang.String) 
2018-06-26 18:37:25,931 耗时：1683 日志来自：.annotation.RequestMappingHandlerMapping 日志类型: INFO  日志内容：Mapped "{[/signup],methods=[GET]}" onto public java.lang.String controller.SmsController.signup(javax.servlet.http.HttpServletRequest,javax.servlet.http.HttpServletResponse) 
2018-06-26 18:37:26,491 耗时：2243 日志来自：.annotation.RequestMappingHandlerAdapter 日志类型: INFO  日志内容：Looking for @ControllerAdvice: Root WebApplicationContext: startup date [Tue Jun 26 18:37:24 CST 2018]; root of context hierarchy 
2018-06-26 18:37:26,582 耗时：2334 日志来自：.annotation.RequestMappingHandlerAdapter 日志类型: INFO  日志内容：Looking for @ControllerAdvice: Root WebApplicationContext: startup date [Tue Jun 26 18:37:24 CST 2018]; root of context hierarchy 
2018-06-26 18:37:26,763 耗时：2515 日志来自：web.context.ContextLoader                日志类型: INFO  日志内容：Root WebApplicationContext: initialization completed in 2511 ms 
2018-06-26 18:37:26,964 耗时：2716 日志来自：web.servlet.DispatcherServlet            日志类型: INFO  日志内容：FrameworkServlet 'tile': initialization started 
2018-06-26 18:37:26,971 耗时：2723 日志来自：context.support.XmlWebApplicationContext 日志类型: INFO  日志内容：Refreshing WebApplicationContext for namespace 'tile-servlet': startup date [Tue Jun 26 18:37:26 CST 2018]; parent: Root WebApplicationContext 
2018-06-26 18:37:26,972 耗时：2724 日志来自：factory.xml.XmlBeanDefinitionReader      日志类型: INFO  日志内容：Loading XML bean definitions from class path resource [servlet.xml] 
2018-06-26 18:37:27,059 耗时：2811 日志来自：ion.AutowiredAnnotationBeanPostProcessor 日志类型: INFO  日志内容：JSR-330 'javax.inject.Inject' annotation found and supported for autowiring 
2018-06-26 18:37:27,150 耗时：2902 日志来自：web.servlet.DispatcherServlet            日志类型: INFO  日志内容：FrameworkServlet 'tile': initialization completed in 185 ms 
2018-06-26 18:38:52,376 耗时：88128 日志来自：factory.xml.XmlBeanDefinitionReader      日志类型: INFO  日志内容：Loading XML bean definitions from class path resource [org/springframework/jdbc/support/sql-error-codes.xml] 
2018-06-26 18:38:52,437 耗时：88189 日志来自：jdbc.support.SQLErrorCodesFactory        日志类型: INFO  日志内容：SQLErrorCodes loaded: [DB2, Derby, H2, HSQL, Informix, MS-SQL, MySQL, Oracle, PostgreSQL, Sybase, Hana] 
2018-06-26 18:44:21,520 耗时：0 日志来自：web.context.ContextLoader                日志类型: INFO  日志内容：Root WebApplicationContext: initialization started 
2018-06-26 18:44:21,699 耗时：179 日志来自：context.support.XmlWebApplicationContext 日志类型: INFO  日志内容：Refreshing Root WebApplicationContext: startup date [Tue Jun 26 18:44:21 CST 2018]; root of context hierarchy 
2018-06-26 18:44:21,748 耗时：228 日志来自：factory.xml.XmlBeanDefinitionReader      日志类型: INFO  日志内容：Loading XML bean definitions from class path resource [application.xml] 
2018-06-26 18:44:22,056 耗时：536 日志来自：factory.xml.XmlBeanDefinitionReader      日志类型: INFO  日志内容：Loading XML bean definitions from class path resource [qiniu.xml] 
2018-06-26 18:44:22,374 耗时：854 日志来自：.config.PreferencesPlaceholderConfigurer 日志类型: INFO  日志内容：Loading properties file from class path resource [jdbc.properties] 
2018-06-26 18:44:22,391 耗时：871 日志来自：ion.AutowiredAnnotationBeanPostProcessor 日志类型: INFO  日志内容：JSR-330 'javax.inject.Inject' annotation found and supported for autowiring 
2018-06-26 18:44:22,515 耗时：995 日志来自：jdbc.datasource.DriverManagerDataSource  日志类型: INFO  日志内容：Loaded JDBC driver: com.mysql.jdbc.Driver 
2018-06-26 18:44:23,176 耗时：1656 日志来自：.annotation.RequestMappingHandlerMapping 日志类型: INFO  日志内容：Mapped "{[/index]}" onto public java.lang.String controller.ControllerIndex.index(org.springframework.ui.Model) 
2018-06-26 18:44:23,178 耗时：1658 日志来自：.annotation.RequestMappingHandlerMapping 日志类型: INFO  日志内容：Mapped "{[/sendMail],methods=[GET]}" onto public java.lang.Boolean controller.MailController.sendMail(javax.servlet.http.HttpServletRequest,pojo.Student) 
2018-06-26 18:44:23,178 耗时：1658 日志来自：.annotation.RequestMappingHandlerMapping 日志类型: INFO  日志内容：Mapped "{[/sendMail/{verifyCode}/{id}],methods=[GET]}" onto public boolean controller.MailController.verifyCode(java.lang.String,java.lang.Long) 
2018-06-26 18:44:23,180 耗时：1660 日志来自：.annotation.RequestMappingHandlerMapping 日志类型: INFO  日志内容：Mapped "{[/updaImageEdit],methods=[GET]}" onto public java.lang.String controller.QiniuController.imageEdit() 
2018-06-26 18:44:23,181 耗时：1661 日志来自：.annotation.RequestMappingHandlerMapping 日志类型: INFO  日志内容：Mapped "{[/updaImage],methods=[POST]}" onto public java.lang.String controller.QiniuController.updaImage(org.springframework.web.multipart.MultipartFile) throws java.lang.Exception 
2018-06-26 18:44:23,182 耗时：1662 日志来自：.annotation.RequestMappingHandlerMapping 日志类型: INFO  日志内容：Mapped "{[/signin],methods=[POST]}" onto public java.lang.String controller.SmsController.register(javax.servlet.http.HttpServletRequest,javax.servlet.http.HttpServletResponse) 
2018-06-26 18:44:23,183 耗时：1663 日志来自：.annotation.RequestMappingHandlerMapping 日志类型: INFO  日志内容：Mapped "{[/message],methods=[GET]}" onto public void controller.SmsController.message(javax.servlet.http.HttpServletRequest,javax.servlet.http.HttpServletResponse,java.lang.String) 
2018-06-26 18:44:23,184 耗时：1664 日志来自：.annotation.RequestMappingHandlerMapping 日志类型: INFO  日志内容：Mapped "{[/signup],methods=[GET]}" onto public java.lang.String controller.SmsController.signup(javax.servlet.http.HttpServletRequest,javax.servlet.http.HttpServletResponse) 
2018-06-26 18:44:23,583 耗时：2063 日志来自：.annotation.RequestMappingHandlerAdapter 日志类型: INFO  日志内容：Looking for @ControllerAdvice: Root WebApplicationContext: startup date [Tue Jun 26 18:44:21 CST 2018]; root of context hierarchy 
2018-06-26 18:44:23,675 耗时：2155 日志来自：.annotation.RequestMappingHandlerAdapter 日志类型: INFO  日志内容：Looking for @ControllerAdvice: Root WebApplicationContext: startup date [Tue Jun 26 18:44:21 CST 2018]; root of context hierarchy 
2018-06-26 18:44:23,857 耗时：2337 日志来自：web.context.ContextLoader                日志类型: INFO  日志内容：Root WebApplicationContext: initialization completed in 2332 ms 
2018-06-26 18:44:24,061 耗时：2541 日志来自：web.servlet.DispatcherServlet            日志类型: INFO  日志内容：FrameworkServlet 'tile': initialization started 
2018-06-26 18:44:24,068 耗时：2548 日志来自：context.support.XmlWebApplicationContext 日志类型: INFO  日志内容：Refreshing WebApplicationContext for namespace 'tile-servlet': startup date [Tue Jun 26 18:44:24 CST 2018]; parent: Root WebApplicationContext 
2018-06-26 18:44:24,069 耗时：2549 日志来自：factory.xml.XmlBeanDefinitionReader      日志类型: INFO  日志内容：Loading XML bean definitions from class path resource [servlet.xml] 
2018-06-26 18:44:24,142 耗时：2622 日志来自：ion.AutowiredAnnotationBeanPostProcessor 日志类型: INFO  日志内容：JSR-330 'javax.inject.Inject' annotation found and supported for autowiring 
2018-06-26 18:44:24,224 耗时：2704 日志来自：web.servlet.DispatcherServlet            日志类型: INFO  日志内容：FrameworkServlet 'tile': initialization completed in 163 ms 
2018-06-26 18:44:33,259 耗时：11739 日志来自：factory.xml.XmlBeanDefinitionReader      日志类型: INFO  日志内容：Loading XML bean definitions from class path resource [org/springframework/jdbc/support/sql-error-codes.xml] 
2018-06-26 18:44:33,304 耗时：11784 日志来自：jdbc.support.SQLErrorCodesFactory        日志类型: INFO  日志内容：SQLErrorCodes loaded: [DB2, Derby, H2, HSQL, Informix, MS-SQL, MySQL, Oracle, PostgreSQL, Sybase, Hana] 
2018-06-26 18:47:34,735 耗时：0 日志来自：web.context.ContextLoader                日志类型: INFO  日志内容：Root WebApplicationContext: initialization started 
2018-06-26 18:47:34,929 耗时：194 日志来自：context.support.XmlWebApplicationContext 日志类型: INFO  日志内容：Refreshing Root WebApplicationContext: startup date [Tue Jun 26 18:47:34 CST 2018]; root of context hierarchy 
2018-06-26 18:47:34,998 耗时：263 日志来自：factory.xml.XmlBeanDefinitionReader      日志类型: INFO  日志内容：Loading XML bean definitions from class path resource [application.xml] 
2018-06-26 18:47:35,273 耗时：538 日志来自：factory.xml.XmlBeanDefinitionReader      日志类型: INFO  日志内容：Loading XML bean definitions from class path resource [qiniu.xml] 
2018-06-26 18:47:35,585 耗时：850 日志来自：.config.PreferencesPlaceholderConfigurer 日志类型: INFO  日志内容：Loading properties file from class path resource [jdbc.properties] 
2018-06-26 18:47:35,599 耗时：864 日志来自：ion.AutowiredAnnotationBeanPostProcessor 日志类型: INFO  日志内容：JSR-330 'javax.inject.Inject' annotation found and supported for autowiring 
2018-06-26 18:47:35,719 耗时：984 日志来自：jdbc.datasource.DriverManagerDataSource  日志类型: INFO  日志内容：Loaded JDBC driver: com.mysql.jdbc.Driver 
2018-06-26 18:47:36,391 耗时：1656 日志来自：.annotation.RequestMappingHandlerMapping 日志类型: INFO  日志内容：Mapped "{[/index]}" onto public java.lang.String controller.ControllerIndex.index(org.springframework.ui.Model) 
2018-06-26 18:47:36,393 耗时：1658 日志来自：.annotation.RequestMappingHandlerMapping 日志类型: INFO  日志内容：Mapped "{[/sendMail],methods=[GET]}" onto public java.lang.Boolean controller.MailController.sendMail(javax.servlet.http.HttpServletRequest,pojo.Student) 
2018-06-26 18:47:36,393 耗时：1658 日志来自：.annotation.RequestMappingHandlerMapping 日志类型: INFO  日志内容：Mapped "{[/sendMail/{verifyCode}/{id}],methods=[GET]}" onto public boolean controller.MailController.verifyCode(java.lang.String,java.lang.Long) 
2018-06-26 18:47:36,396 耗时：1661 日志来自：.annotation.RequestMappingHandlerMapping 日志类型: INFO  日志内容：Mapped "{[/updaImageEdit],methods=[GET]}" onto public java.lang.String controller.QiniuController.imageEdit() 
2018-06-26 18:47:36,397 耗时：1662 日志来自：.annotation.RequestMappingHandlerMapping 日志类型: INFO  日志内容：Mapped "{[/updaImage],methods=[POST]}" onto public java.lang.String controller.QiniuController.updaImage(org.springframework.web.multipart.MultipartFile) throws java.lang.Exception 
2018-06-26 18:47:36,405 耗时：1670 日志来自：.annotation.RequestMappingHandlerMapping 日志类型: INFO  日志内容：Mapped "{[/signin],methods=[POST]}" onto public java.lang.String controller.SmsController.register(javax.servlet.http.HttpServletRequest,javax.servlet.http.HttpServletResponse) 
2018-06-26 18:47:36,405 耗时：1670 日志来自：.annotation.RequestMappingHandlerMapping 日志类型: INFO  日志内容：Mapped "{[/message],methods=[GET]}" onto public void controller.SmsController.message(javax.servlet.http.HttpServletRequest,javax.servlet.http.HttpServletResponse,java.lang.String) 
2018-06-26 18:47:36,406 耗时：1671 日志来自：.annotation.RequestMappingHandlerMapping 日志类型: INFO  日志内容：Mapped "{[/signup],methods=[GET]}" onto public java.lang.String controller.SmsController.signup(javax.servlet.http.HttpServletRequest,javax.servlet.http.HttpServletResponse) 
2018-06-26 18:47:37,124 耗时：2389 日志来自：.annotation.RequestMappingHandlerAdapter 日志类型: INFO  日志内容：Looking for @ControllerAdvice: Root WebApplicationContext: startup date [Tue Jun 26 18:47:34 CST 2018]; root of context hierarchy 
2018-06-26 18:47:37,209 耗时：2474 日志来自：.annotation.RequestMappingHandlerAdapter 日志类型: INFO  日志内容：Looking for @ControllerAdvice: Root WebApplicationContext: startup date [Tue Jun 26 18:47:34 CST 2018]; root of context hierarchy 
2018-06-26 18:47:37,417 耗时：2682 日志来自：web.context.ContextLoader                日志类型: INFO  日志内容：Root WebApplicationContext: initialization completed in 2677 ms 
2018-06-26 18:47:37,627 耗时：2892 日志来自：web.servlet.DispatcherServlet            日志类型: INFO  日志内容：FrameworkServlet 'tile': initialization started 
2018-06-26 18:47:37,636 耗时：2901 日志来自：context.support.XmlWebApplicationContext 日志类型: INFO  日志内容：Refreshing WebApplicationContext for namespace 'tile-servlet': startup date [Tue Jun 26 18:47:37 CST 2018]; parent: Root WebApplicationContext 
2018-06-26 18:47:37,637 耗时：2902 日志来自：factory.xml.XmlBeanDefinitionReader      日志类型: INFO  日志内容：Loading XML bean definitions from class path resource [servlet.xml] 
2018-06-26 18:47:37,743 耗时：3008 日志来自：ion.AutowiredAnnotationBeanPostProcessor 日志类型: INFO  日志内容：JSR-330 'javax.inject.Inject' annotation found and supported for autowiring 
2018-06-26 18:47:37,857 耗时：3122 日志来自：web.servlet.DispatcherServlet            日志类型: INFO  日志内容：FrameworkServlet 'tile': initialization completed in 230 ms 
2018-06-26 18:48:16,356 耗时：0 日志来自：web.context.ContextLoader                日志类型: INFO  日志内容：Root WebApplicationContext: initialization started 
2018-06-26 18:48:16,564 耗时：208 日志来自：context.support.XmlWebApplicationContext 日志类型: INFO  日志内容：Refreshing Root WebApplicationContext: startup date [Tue Jun 26 18:48:16 CST 2018]; root of context hierarchy 
2018-06-26 18:48:16,619 耗时：263 日志来自：factory.xml.XmlBeanDefinitionReader      日志类型: INFO  日志内容：Loading XML bean definitions from class path resource [application.xml] 
2018-06-26 18:48:16,899 耗时：543 日志来自：factory.xml.XmlBeanDefinitionReader      日志类型: INFO  日志内容：Loading XML bean definitions from class path resource [qiniu.xml] 
2018-06-26 18:48:17,195 耗时：839 日志来自：.config.PreferencesPlaceholderConfigurer 日志类型: INFO  日志内容：Loading properties file from class path resource [jdbc.properties] 
2018-06-26 18:48:17,208 耗时：852 日志来自：ion.AutowiredAnnotationBeanPostProcessor 日志类型: INFO  日志内容：JSR-330 'javax.inject.Inject' annotation found and supported for autowiring 
2018-06-26 18:48:17,391 耗时：1035 日志来自：jdbc.datasource.DriverManagerDataSource  日志类型: INFO  日志内容：Loaded JDBC driver: com.mysql.jdbc.Driver 
2018-06-26 18:48:18,236 耗时：1880 日志来自：.annotation.RequestMappingHandlerMapping 日志类型: INFO  日志内容：Mapped "{[/index]}" onto public java.lang.String controller.ControllerIndex.index(org.springframework.ui.Model) 
2018-06-26 18:48:18,239 耗时：1883 日志来自：.annotation.RequestMappingHandlerMapping 日志类型: INFO  日志内容：Mapped "{[/sendMail/{verifyCode}/{id}],methods=[GET]}" onto public boolean controller.MailController.verifyCode(java.lang.String,java.lang.Long) 
2018-06-26 18:48:18,239 耗时：1883 日志来自：.annotation.RequestMappingHandlerMapping 日志类型: INFO  日志内容：Mapped "{[/sendMail],methods=[GET]}" onto public java.lang.Boolean controller.MailController.sendMail(javax.servlet.http.HttpServletRequest,pojo.Student) 
2018-06-26 18:48:18,242 耗时：1886 日志来自：.annotation.RequestMappingHandlerMapping 日志类型: INFO  日志内容：Mapped "{[/updaImage],methods=[POST]}" onto public java.lang.String controller.QiniuController.updaImage(org.springframework.web.multipart.MultipartFile) throws java.lang.Exception 
2018-06-26 18:48:18,243 耗时：1887 日志来自：.annotation.RequestMappingHandlerMapping 日志类型: INFO  日志内容：Mapped "{[/updaImageEdit],methods=[GET]}" onto public java.lang.String controller.QiniuController.imageEdit() 
2018-06-26 18:48:18,247 耗时：1891 日志来自：.annotation.RequestMappingHandlerMapping 日志类型: INFO  日志内容：Mapped "{[/signin],methods=[POST]}" onto public java.lang.String controller.SmsController.register(javax.servlet.http.HttpServletRequest,javax.servlet.http.HttpServletResponse) 
2018-06-26 18:48:18,248 耗时：1892 日志来自：.annotation.RequestMappingHandlerMapping 日志类型: INFO  日志内容：Mapped "{[/message],methods=[GET]}" onto public void controller.SmsController.message(javax.servlet.http.HttpServletRequest,javax.servlet.http.HttpServletResponse,java.lang.String) 
2018-06-26 18:48:18,249 耗时：1893 日志来自：.annotation.RequestMappingHandlerMapping 日志类型: INFO  日志内容：Mapped "{[/signup],methods=[GET]}" onto public java.lang.String controller.SmsController.signup(javax.servlet.http.HttpServletRequest,javax.servlet.http.HttpServletResponse) 
2018-06-26 18:48:18,862 耗时：2506 日志来自：.annotation.RequestMappingHandlerAdapter 日志类型: INFO  日志内容：Looking for @ControllerAdvice: Root WebApplicationContext: startup date [Tue Jun 26 18:48:16 CST 2018]; root of context hierarchy 
2018-06-26 18:48:18,933 耗时：2577 日志来自：.annotation.RequestMappingHandlerAdapter 日志类型: INFO  日志内容：Looking for @ControllerAdvice: Root WebApplicationContext: startup date [Tue Jun 26 18:48:16 CST 2018]; root of context hierarchy 
2018-06-26 18:48:19,136 耗时：2780 日志来自：web.context.ContextLoader                日志类型: INFO  日志内容：Root WebApplicationContext: initialization completed in 2775 ms 
2018-06-26 18:48:19,355 耗时：2999 日志来自：web.servlet.DispatcherServlet            日志类型: INFO  日志内容：FrameworkServlet 'tile': initialization started 
2018-06-26 18:48:19,364 耗时：3008 日志来自：context.support.XmlWebApplicationContext 日志类型: INFO  日志内容：Refreshing WebApplicationContext for namespace 'tile-servlet': startup date [Tue Jun 26 18:48:19 CST 2018]; parent: Root WebApplicationContext 
2018-06-26 18:48:19,365 耗时：3009 日志来自：factory.xml.XmlBeanDefinitionReader      日志类型: INFO  日志内容：Loading XML bean definitions from class path resource [servlet.xml] 
2018-06-26 18:48:19,453 耗时：3097 日志来自：ion.AutowiredAnnotationBeanPostProcessor 日志类型: INFO  日志内容：JSR-330 'javax.inject.Inject' annotation found and supported for autowiring 
2018-06-26 18:48:19,539 耗时：3183 日志来自：web.servlet.DispatcherServlet            日志类型: INFO  日志内容：FrameworkServlet 'tile': initialization completed in 184 ms 
2018-06-26 20:47:32,300 耗时：0 日志来自：web.context.ContextLoader                日志类型: INFO  日志内容：Root WebApplicationContext: initialization started 
2018-06-26 20:47:32,482 耗时：182 日志来自：context.support.XmlWebApplicationContext 日志类型: INFO  日志内容：Refreshing Root WebApplicationContext: startup date [Tue Jun 26 20:47:32 CST 2018]; root of context hierarchy 
2018-06-26 20:47:32,532 耗时：232 日志来自：factory.xml.XmlBeanDefinitionReader      日志类型: INFO  日志内容：Loading XML bean definitions from class path resource [application.xml] 
2018-06-26 20:47:32,886 耗时：586 日志来自：factory.xml.XmlBeanDefinitionReader      日志类型: INFO  日志内容：Loading XML bean definitions from class path resource [qiniu.xml] 
2018-06-26 20:47:33,242 耗时：942 日志来自：.config.PreferencesPlaceholderConfigurer 日志类型: INFO  日志内容：Loading properties file from class path resource [jdbc.properties] 
2018-06-26 20:47:33,257 耗时：957 日志来自：ion.AutowiredAnnotationBeanPostProcessor 日志类型: INFO  日志内容：JSR-330 'javax.inject.Inject' annotation found and supported for autowiring 
2018-06-26 20:47:33,371 耗时：1071 日志来自：jdbc.datasource.DriverManagerDataSource  日志类型: INFO  日志内容：Loaded JDBC driver: com.mysql.jdbc.Driver 
2018-06-26 20:47:34,045 耗时：1745 日志来自：.annotation.RequestMappingHandlerMapping 日志类型: INFO  日志内容：Mapped "{[/index]}" onto public java.lang.String controller.ControllerIndex.index(org.springframework.ui.Model) 
2018-06-26 20:47:34,047 耗时：1747 日志来自：.annotation.RequestMappingHandlerMapping 日志类型: INFO  日志内容：Mapped "{[/stupage],methods=[GET]}" onto public java.lang.String controller.ControllerIndex.stuPage() 
2018-06-26 20:47:34,047 耗时：1747 日志来自：.annotation.RequestMappingHandlerMapping 日志类型: INFO  日志内容：Mapped "{[/student/{id}],methods=[GET]}" onto public java.lang.String controller.ControllerIndex.addStudent(org.springframework.ui.Model,int) 
2018-06-26 20:47:34,049 耗时：1749 日志来自：.annotation.RequestMappingHandlerMapping 日志类型: INFO  日志内容：Mapped "{[/sendMail],methods=[GET]}" onto public java.lang.Boolean controller.MailController.sendMail(javax.servlet.http.HttpServletRequest,pojo.Student) 
2018-06-26 20:47:34,049 耗时：1749 日志来自：.annotation.RequestMappingHandlerMapping 日志类型: INFO  日志内容：Mapped "{[/sendMail/{verifyCode}/{id}],methods=[GET]}" onto public boolean controller.MailController.verifyCode(java.lang.String,java.lang.Long) 
2018-06-26 20:47:34,050 耗时：1750 日志来自：.annotation.RequestMappingHandlerMapping 日志类型: INFO  日志内容：Mapped "{[/updaImage],methods=[POST]}" onto public java.lang.String controller.QiniuController.updaImage(org.springframework.web.multipart.MultipartFile) throws java.lang.Exception 
2018-06-26 20:47:34,051 耗时：1751 日志来自：.annotation.RequestMappingHandlerMapping 日志类型: INFO  日志内容：Mapped "{[/updaImageEdit],methods=[GET]}" onto public java.lang.String controller.QiniuController.imageEdit() 
2018-06-26 20:47:34,052 耗时：1752 日志来自：.annotation.RequestMappingHandlerMapping 日志类型: INFO  日志内容：Mapped "{[/signin],methods=[POST]}" onto public java.lang.String controller.SmsController.register(javax.servlet.http.HttpServletRequest,javax.servlet.http.HttpServletResponse) 
2018-06-26 20:47:34,053 耗时：1753 日志来自：.annotation.RequestMappingHandlerMapping 日志类型: INFO  日志内容：Mapped "{[/message],methods=[GET]}" onto public void controller.SmsController.message(javax.servlet.http.HttpServletRequest,javax.servlet.http.HttpServletResponse,java.lang.String) 
2018-06-26 20:47:34,053 耗时：1753 日志来自：.annotation.RequestMappingHandlerMapping 日志类型: INFO  日志内容：Mapped "{[/signup],methods=[GET]}" onto public java.lang.String controller.SmsController.signup(javax.servlet.http.HttpServletRequest,javax.servlet.http.HttpServletResponse) 
2018-06-26 20:47:34,520 耗时：2220 日志来自：.annotation.RequestMappingHandlerAdapter 日志类型: INFO  日志内容：Looking for @ControllerAdvice: Root WebApplicationContext: startup date [Tue Jun 26 20:47:32 CST 2018]; root of context hierarchy 
2018-06-26 20:47:34,601 耗时：2301 日志来自：.annotation.RequestMappingHandlerAdapter 日志类型: INFO  日志内容：Looking for @ControllerAdvice: Root WebApplicationContext: startup date [Tue Jun 26 20:47:32 CST 2018]; root of context hierarchy 
2018-06-26 20:47:34,778 耗时：2478 日志来自：web.context.ContextLoader                日志类型: INFO  日志内容：Root WebApplicationContext: initialization completed in 2473 ms 
2018-06-26 20:47:34,987 耗时：2687 日志来自：web.servlet.DispatcherServlet            日志类型: INFO  日志内容：FrameworkServlet 'tile': initialization started 
2018-06-26 20:47:34,995 耗时：2695 日志来自：context.support.XmlWebApplicationContext 日志类型: INFO  日志内容：Refreshing WebApplicationContext for namespace 'tile-servlet': startup date [Tue Jun 26 20:47:34 CST 2018]; parent: Root WebApplicationContext 
2018-06-26 20:47:34,996 耗时：2696 日志来自：factory.xml.XmlBeanDefinitionReader      日志类型: INFO  日志内容：Loading XML bean definitions from class path resource [servlet.xml] 
2018-06-26 20:47:35,075 耗时：2775 日志来自：ion.AutowiredAnnotationBeanPostProcessor 日志类型: INFO  日志内容：JSR-330 'javax.inject.Inject' annotation found and supported for autowiring 
2018-06-26 20:47:35,149 耗时：2849 日志来自：web.servlet.DispatcherServlet            日志类型: INFO  日志内容：FrameworkServlet 'tile': initialization completed in 162 ms 
2018-06-26 21:06:05,605 耗时：0 日志来自：web.context.ContextLoader                日志类型: INFO  日志内容：Root WebApplicationContext: initialization started 
2018-06-26 21:06:05,838 耗时：233 日志来自：context.support.XmlWebApplicationContext 日志类型: INFO  日志内容：Refreshing Root WebApplicationContext: startup date [Tue Jun 26 21:06:05 CST 2018]; root of context hierarchy 
2018-06-26 21:06:05,896 耗时：291 日志来自：factory.xml.XmlBeanDefinitionReader      日志类型: INFO  日志内容：Loading XML bean definitions from class path resource [application.xml] 
2018-06-26 21:06:06,324 耗时：719 日志来自：factory.xml.XmlBeanDefinitionReader      日志类型: INFO  日志内容：Loading XML bean definitions from class path resource [qiniu.xml] 
2018-06-26 21:06:06,701 耗时：1096 日志来自：.config.PreferencesPlaceholderConfigurer 日志类型: INFO  日志内容：Loading properties file from class path resource [jdbc.properties] 
2018-06-26 21:06:06,719 耗时：1114 日志来自：ion.AutowiredAnnotationBeanPostProcessor 日志类型: INFO  日志内容：JSR-330 'javax.inject.Inject' annotation found and supported for autowiring 
2018-06-26 21:06:06,855 耗时：1250 日志来自：jdbc.datasource.DriverManagerDataSource  日志类型: INFO  日志内容：Loaded JDBC driver: com.mysql.jdbc.Driver 
2018-06-26 21:06:07,682 耗时：2077 日志来自：.annotation.RequestMappingHandlerMapping 日志类型: INFO  日志内容：Mapped "{[/index]}" onto public java.lang.String controller.ControllerIndex.index(org.springframework.ui.Model) 
2018-06-26 21:06:07,683 耗时：2078 日志来自：.annotation.RequestMappingHandlerMapping 日志类型: INFO  日志内容：Mapped "{[/stupage],methods=[GET]}" onto public java.lang.String controller.ControllerIndex.stuPage() 
2018-06-26 21:06:07,684 耗时：2079 日志来自：.annotation.RequestMappingHandlerMapping 日志类型: INFO  日志内容：Mapped "{[/student/{id}],methods=[GET]}" onto public java.lang.String controller.ControllerIndex.addStudent(org.springframework.ui.Model,int) 
2018-06-26 21:06:07,685 耗时：2080 日志来自：.annotation.RequestMappingHandlerMapping 日志类型: INFO  日志内容：Mapped "{[/sendMail],methods=[GET]}" onto public java.lang.Boolean controller.MailController.sendMail(javax.servlet.http.HttpServletRequest,pojo.Student) 
2018-06-26 21:06:07,686 耗时：2081 日志来自：.annotation.RequestMappingHandlerMapping 日志类型: INFO  日志内容：Mapped "{[/sendMail/{verifyCode}/{id}],methods=[GET]}" onto public boolean controller.MailController.verifyCode(java.lang.String,java.lang.Long) 
2018-06-26 21:06:07,688 耗时：2083 日志来自：.annotation.RequestMappingHandlerMapping 日志类型: INFO  日志内容：Mapped "{[/updaImage],methods=[POST]}" onto public java.lang.String controller.QiniuController.updaImage(org.springframework.web.multipart.MultipartFile) throws java.lang.Exception 
2018-06-26 21:06:07,689 耗时：2084 日志来自：.annotation.RequestMappingHandlerMapping 日志类型: INFO  日志内容：Mapped "{[/updaImageEdit],methods=[GET]}" onto public java.lang.String controller.QiniuController.imageEdit() 
2018-06-26 21:06:07,690 耗时：2085 日志来自：.annotation.RequestMappingHandlerMapping 日志类型: INFO  日志内容：Mapped "{[/signin],methods=[POST]}" onto public java.lang.String controller.SmsController.register(javax.servlet.http.HttpServletRequest,javax.servlet.http.HttpServletResponse) 
2018-06-26 21:06:07,690 耗时：2085 日志来自：.annotation.RequestMappingHandlerMapping 日志类型: INFO  日志内容：Mapped "{[/message],methods=[GET]}" onto public void controller.SmsController.message(javax.servlet.http.HttpServletRequest,javax.servlet.http.HttpServletResponse,java.lang.String) 
2018-06-26 21:06:07,691 耗时：2086 日志来自：.annotation.RequestMappingHandlerMapping 日志类型: INFO  日志内容：Mapped "{[/signup],methods=[GET]}" onto public java.lang.String controller.SmsController.signup(javax.servlet.http.HttpServletRequest,javax.servlet.http.HttpServletResponse) 
2018-06-26 21:06:08,213 耗时：2608 日志来自：.annotation.RequestMappingHandlerAdapter 日志类型: INFO  日志内容：Looking for @ControllerAdvice: Root WebApplicationContext: startup date [Tue Jun 26 21:06:05 CST 2018]; root of context hierarchy 
2018-06-26 21:06:08,299 耗时：2694 日志来自：.annotation.RequestMappingHandlerAdapter 日志类型: INFO  日志内容：Looking for @ControllerAdvice: Root WebApplicationContext: startup date [Tue Jun 26 21:06:05 CST 2018]; root of context hierarchy 
2018-06-26 21:06:08,564 耗时：2959 日志来自：web.context.ContextLoader                日志类型: INFO  日志内容：Root WebApplicationContext: initialization completed in 2955 ms 
2018-06-26 21:06:08,782 耗时：3177 日志来自：web.servlet.DispatcherServlet            日志类型: INFO  日志内容：FrameworkServlet 'tile': initialization started 
2018-06-26 21:06:08,794 耗时：3189 日志来自：context.support.XmlWebApplicationContext 日志类型: INFO  日志内容：Refreshing WebApplicationContext for namespace 'tile-servlet': startup date [Tue Jun 26 21:06:08 CST 2018]; parent: Root WebApplicationContext 
2018-06-26 21:06:08,796 耗时：3191 日志来自：factory.xml.XmlBeanDefinitionReader      日志类型: INFO  日志内容：Loading XML bean definitions from class path resource [servlet.xml] 
2018-06-26 21:06:08,898 耗时：3293 日志来自：ion.AutowiredAnnotationBeanPostProcessor 日志类型: INFO  日志内容：JSR-330 'javax.inject.Inject' annotation found and supported for autowiring 
2018-06-26 21:06:08,993 耗时：3388 日志来自：web.servlet.DispatcherServlet            日志类型: INFO  日志内容：FrameworkServlet 'tile': initialization completed in 210 ms 
2018-06-26 21:22:03,160 耗时：0 日志来自：web.context.ContextLoader                日志类型: INFO  日志内容：Root WebApplicationContext: initialization started 
2018-06-26 21:22:03,326 耗时：166 日志来自：context.support.XmlWebApplicationContext 日志类型: INFO  日志内容：Refreshing Root WebApplicationContext: startup date [Tue Jun 26 21:22:03 CST 2018]; root of context hierarchy 
2018-06-26 21:22:03,385 耗时：225 日志来自：factory.xml.XmlBeanDefinitionReader      日志类型: INFO  日志内容：Loading XML bean definitions from class path resource [application.xml] 
2018-06-26 21:22:03,658 耗时：498 日志来自：factory.xml.XmlBeanDefinitionReader      日志类型: INFO  日志内容：Loading XML bean definitions from class path resource [qiniu.xml] 
2018-06-26 21:22:03,946 耗时：786 日志来自：.config.PreferencesPlaceholderConfigurer 日志类型: INFO  日志内容：Loading properties file from class path resource [jdbc.properties] 
2018-06-26 21:22:03,960 耗时：800 日志来自：ion.AutowiredAnnotationBeanPostProcessor 日志类型: INFO  日志内容：JSR-330 'javax.inject.Inject' annotation found and supported for autowiring 
2018-06-26 21:22:04,072 耗时：912 日志来自：jdbc.datasource.DriverManagerDataSource  日志类型: INFO  日志内容：Loaded JDBC driver: com.mysql.jdbc.Driver 
2018-06-26 21:22:04,774 耗时：1614 日志来自：.annotation.RequestMappingHandlerMapping 日志类型: INFO  日志内容：Mapped "{[/index]}" onto public java.lang.String controller.ControllerIndex.index(org.springframework.ui.Model) 
2018-06-26 21:22:04,776 耗时：1616 日志来自：.annotation.RequestMappingHandlerMapping 日志类型: INFO  日志内容：Mapped "{[/student/{id}],methods=[GET]}" onto public java.lang.String controller.ControllerIndex.addStudent(org.springframework.ui.Model,int) 
2018-06-26 21:22:04,777 耗时：1617 日志来自：.annotation.RequestMappingHandlerMapping 日志类型: INFO  日志内容：Mapped "{[/sendMail],methods=[GET]}" onto public java.lang.Boolean controller.MailController.sendMail(javax.servlet.http.HttpServletRequest,pojo.Student) 
2018-06-26 21:22:04,778 耗时：1618 日志来自：.annotation.RequestMappingHandlerMapping 日志类型: INFO  日志内容：Mapped "{[/sendMail/{verifyCode}/{id}],methods=[GET]}" onto public boolean controller.MailController.verifyCode(java.lang.String,java.lang.Long) 
2018-06-26 21:22:04,779 耗时：1619 日志来自：.annotation.RequestMappingHandlerMapping 日志类型: INFO  日志内容：Mapped "{[/updaImage],methods=[POST]}" onto public java.lang.String controller.QiniuController.updaImage(org.springframework.web.multipart.MultipartFile) throws java.lang.Exception 
2018-06-26 21:22:04,779 耗时：1619 日志来自：.annotation.RequestMappingHandlerMapping 日志类型: INFO  日志内容：Mapped "{[/updaImageEdit],methods=[GET]}" onto public java.lang.String controller.QiniuController.imageEdit() 
2018-06-26 21:22:04,781 耗时：1621 日志来自：.annotation.RequestMappingHandlerMapping 日志类型: INFO  日志内容：Mapped "{[/signin],methods=[POST]}" onto public java.lang.String controller.SmsController.register(javax.servlet.http.HttpServletRequest,javax.servlet.http.HttpServletResponse) 
2018-06-26 21:22:04,781 耗时：1621 日志来自：.annotation.RequestMappingHandlerMapping 日志类型: INFO  日志内容：Mapped "{[/message],methods=[GET]}" onto public void controller.SmsController.message(javax.servlet.http.HttpServletRequest,javax.servlet.http.HttpServletResponse,java.lang.String) 
2018-06-26 21:22:04,781 耗时：1621 日志来自：.annotation.RequestMappingHandlerMapping 日志类型: INFO  日志内容：Mapped "{[/signup],methods=[GET]}" onto public java.lang.String controller.SmsController.signup(javax.servlet.http.HttpServletRequest,javax.servlet.http.HttpServletResponse) 
2018-06-26 21:22:05,233 耗时：2073 日志来自：.annotation.RequestMappingHandlerAdapter 日志类型: INFO  日志内容：Looking for @ControllerAdvice: Root WebApplicationContext: startup date [Tue Jun 26 21:22:03 CST 2018]; root of context hierarchy 
2018-06-26 21:22:05,313 耗时：2153 日志来自：.annotation.RequestMappingHandlerAdapter 日志类型: INFO  日志内容：Looking for @ControllerAdvice: Root WebApplicationContext: startup date [Tue Jun 26 21:22:03 CST 2018]; root of context hierarchy 
2018-06-26 21:22:05,485 耗时：2325 日志来自：web.context.ContextLoader                日志类型: INFO  日志内容：Root WebApplicationContext: initialization completed in 2320 ms 
2018-06-26 21:22:05,677 耗时：2517 日志来自：web.servlet.DispatcherServlet            日志类型: INFO  日志内容：FrameworkServlet 'tile': initialization started 
2018-06-26 21:22:05,686 耗时：2526 日志来自：context.support.XmlWebApplicationContext 日志类型: INFO  日志内容：Refreshing WebApplicationContext for namespace 'tile-servlet': startup date [Tue Jun 26 21:22:05 CST 2018]; parent: Root WebApplicationContext 
2018-06-26 21:22:05,687 耗时：2527 日志来自：factory.xml.XmlBeanDefinitionReader      日志类型: INFO  日志内容：Loading XML bean definitions from class path resource [servlet.xml] 
2018-06-26 21:22:05,772 耗时：2612 日志来自：ion.AutowiredAnnotationBeanPostProcessor 日志类型: INFO  日志内容：JSR-330 'javax.inject.Inject' annotation found and supported for autowiring 
2018-06-26 21:22:05,868 耗时：2708 日志来自：web.servlet.DispatcherServlet            日志类型: INFO  日志内容：FrameworkServlet 'tile': initialization completed in 190 ms 
2018-06-26 21:33:35,133 耗时：1 日志来自：web.context.ContextLoader                日志类型: INFO  日志内容：Root WebApplicationContext: initialization started 
2018-06-26 21:33:35,378 耗时：246 日志来自：context.support.XmlWebApplicationContext 日志类型: INFO  日志内容：Refreshing Root WebApplicationContext: startup date [Tue Jun 26 21:33:35 CST 2018]; root of context hierarchy 
2018-06-26 21:33:35,433 耗时：301 日志来自：factory.xml.XmlBeanDefinitionReader      日志类型: INFO  日志内容：Loading XML bean definitions from class path resource [application.xml] 
2018-06-26 21:33:35,759 耗时：627 日志来自：factory.xml.XmlBeanDefinitionReader      日志类型: INFO  日志内容：Loading XML bean definitions from class path resource [qiniu.xml] 
2018-06-26 21:33:36,167 耗时：1035 日志来自：.config.PreferencesPlaceholderConfigurer 日志类型: INFO  日志内容：Loading properties file from class path resource [jdbc.properties] 
2018-06-26 21:33:36,183 耗时：1051 日志来自：ion.AutowiredAnnotationBeanPostProcessor 日志类型: INFO  日志内容：JSR-330 'javax.inject.Inject' annotation found and supported for autowiring 
2018-06-26 21:33:36,298 耗时：1166 日志来自：jdbc.datasource.DriverManagerDataSource  日志类型: INFO  日志内容：Loaded JDBC driver: com.mysql.jdbc.Driver 
2018-06-26 21:33:36,996 耗时：1864 日志来自：.annotation.RequestMappingHandlerMapping 日志类型: INFO  日志内容：Mapped "{[/index]}" onto public java.lang.String controller.ControllerIndex.index(org.springframework.ui.Model) 
2018-06-26 21:33:36,997 耗时：1865 日志来自：.annotation.RequestMappingHandlerMapping 日志类型: INFO  日志内容：Mapped "{[/student/{id}],methods=[GET]}" onto public java.lang.String controller.ControllerIndex.addStudent(org.springframework.ui.Model,int) 
2018-06-26 21:33:36,999 耗时：1867 日志来自：.annotation.RequestMappingHandlerMapping 日志类型: INFO  日志内容：Mapped "{[/sendMail],methods=[GET]}" onto public java.lang.Boolean controller.MailController.sendMail(javax.servlet.http.HttpServletRequest,pojo.Student) 
2018-06-26 21:33:36,999 耗时：1867 日志来自：.annotation.RequestMappingHandlerMapping 日志类型: INFO  日志内容：Mapped "{[/sendMail/{verifyCode}/{id}],methods=[GET]}" onto public boolean controller.MailController.verifyCode(java.lang.String,java.lang.Long) 
2018-06-26 21:33:37,001 耗时：1869 日志来自：.annotation.RequestMappingHandlerMapping 日志类型: INFO  日志内容：Mapped "{[/updaImageEdit],methods=[GET]}" onto public java.lang.String controller.QiniuController.imageEdit() 
2018-06-26 21:33:37,001 耗时：1869 日志来自：.annotation.RequestMappingHandlerMapping 日志类型: INFO  日志内容：Mapped "{[/updaImage],methods=[POST]}" onto public java.lang.String controller.QiniuController.updaImage(org.springframework.web.multipart.MultipartFile) throws java.lang.Exception 
2018-06-26 21:33:37,003 耗时：1871 日志来自：.annotation.RequestMappingHandlerMapping 日志类型: INFO  日志内容：Mapped "{[/signin],methods=[POST]}" onto public java.lang.String controller.SmsController.register(javax.servlet.http.HttpServletRequest,javax.servlet.http.HttpServletResponse) 
2018-06-26 21:33:37,003 耗时：1871 日志来自：.annotation.RequestMappingHandlerMapping 日志类型: INFO  日志内容：Mapped "{[/message],methods=[GET]}" onto public void controller.SmsController.message(javax.servlet.http.HttpServletRequest,javax.servlet.http.HttpServletResponse,java.lang.String) 
2018-06-26 21:33:37,004 耗时：1872 日志来自：.annotation.RequestMappingHandlerMapping 日志类型: INFO  日志内容：Mapped "{[/signup],methods=[GET]}" onto public java.lang.String controller.SmsController.signup(javax.servlet.http.HttpServletRequest,javax.servlet.http.HttpServletResponse) 
2018-06-26 21:33:37,576 耗时：2444 日志来自：.annotation.RequestMappingHandlerAdapter 日志类型: INFO  日志内容：Looking for @ControllerAdvice: Root WebApplicationContext: startup date [Tue Jun 26 21:33:35 CST 2018]; root of context hierarchy 
2018-06-26 21:33:37,641 耗时：2509 日志来自：.annotation.RequestMappingHandlerAdapter 日志类型: INFO  日志内容：Looking for @ControllerAdvice: Root WebApplicationContext: startup date [Tue Jun 26 21:33:35 CST 2018]; root of context hierarchy 
2018-06-26 21:33:37,821 耗时：2689 日志来自：web.context.ContextLoader                日志类型: INFO  日志内容：Root WebApplicationContext: initialization completed in 2682 ms 
2018-06-26 21:33:38,022 耗时：2890 日志来自：web.servlet.DispatcherServlet            日志类型: INFO  日志内容：FrameworkServlet 'tile': initialization started 
2018-06-26 21:33:38,030 耗时：2898 日志来自：context.support.XmlWebApplicationContext 日志类型: INFO  日志内容：Refreshing WebApplicationContext for namespace 'tile-servlet': startup date [Tue Jun 26 21:33:38 CST 2018]; parent: Root WebApplicationContext 
2018-06-26 21:33:38,031 耗时：2899 日志来自：factory.xml.XmlBeanDefinitionReader      日志类型: INFO  日志内容：Loading XML bean definitions from class path resource [servlet.xml] 
2018-06-26 21:33:38,108 耗时：2976 日志来自：ion.AutowiredAnnotationBeanPostProcessor 日志类型: INFO  日志内容：JSR-330 'javax.inject.Inject' annotation found and supported for autowiring 
2018-06-26 21:33:38,221 耗时：3089 日志来自：web.servlet.DispatcherServlet            日志类型: INFO  日志内容：FrameworkServlet 'tile': initialization completed in 199 ms 
